<?xml version="1.0" encoding="UTF-8" ?>
<testsuite tests="0" failures="0" name="io.greenscreens.jt400.example.Test" time="0" errors="0" skipped="0">
  <properties>
    <property name="java.runtime.name" value="OpenJDK Runtime Environment"/>
    <property name="java.vm.version" value="14.0.1+7"/>
    <property name="sun.boot.library.path" value="C:\Aplikacije\Java\jdk14\bin"/>
    <property name="user.country.format" value="HR"/>
    <property name="maven.multiModuleProjectDirectory" value="Z:\environment\git\jt400-extra"/>
    <property name="java.vm.vendor" value="AdoptOpenJDK"/>
    <property name="java.vendor.url" value="https://adoptopenjdk.net/"/>
    <property name="guice.disable.misplaced.annotation.check" value="true"/>
    <property name="path.separator" value=";"/>
    <property name="java.vm.name" value="OpenJDK 64-Bit Server VM"/>
    <property name="sun.os.patch.level" value=""/>
    <property name="user.script" value=""/>
    <property name="user.country" value="US"/>
    <property name="sun.java.launcher" value="SUN_STANDARD"/>
    <property name="java.vm.specification.name" value="Java Virtual Machine Specification"/>
    <property name="user.dir" value="Z:\environment\git\jt400-extra"/>
    <property name="java.vm.compressedOopsMode" value="32-bit"/>
    <property name="java.runtime.version" value="14.0.1+7"/>
    <property name="os.arch" value="amd64"/>
    <property name="java.io.tmpdir" value="C:\Users\Tomislav\AppData\Local\Temp\"/>
    <property name="line.separator" value="
"/>
    <property name="token" value="GH_TOKEN"/>
    <property name="java.vm.specification.vendor" value="Oracle Corporation"/>
    <property name="user.variant" value=""/>
    <property name="os.name" value="Windows 10"/>
    <property name="classworlds.conf" value="C:\Aplikacije\Java\apache-maven-3.6.3\bin\..\bin\m2.conf"/>
    <property name="sun.jnu.encoding" value="Cp1250"/>
    <property name="java.library.path" value="C:\Aplikacije\Java\jdk14\bin;C:\WINDOWS\Sun\Java\bin;C:\WINDOWS\system32;C:\WINDOWS;&quot;C:\Aplikacije\Java\apache-maven-3.6.3\bin&quot;;C:\Program Files (x86)\Common Files\Oracle\Java\javapath;C:\Program Files (x86)\Intel\iCLS Client\;C:\ProgramData\Oracle\Java\javapath;C:\Program Files\Intel\iCLS Client\;C:\WINDOWS\system32;C:\WINDOWS;C:\WINDOWS\System32\Wbem;C:\WINDOWS\System32\WindowsPowerShell\v1.0\;C:\Program Files (x86)\IBM\Client Access\Emulator;C:\Program Files (x86)\IBM\Client Access\Shared;C:\Program Files (x86)\IBM\Client Access\;C:\Aplikacije\Git\cmd;C:\WINDOWS\System32\OpenSSH\;C:\Program Files (x86)\Intel\Intel(R) Management Engine Components\DAL;C:\Program Files\Intel\Intel(R) Management Engine Components\DAL;C:\Program Files (x86)\Intel\Intel(R) Management Engine Components\IPT;C:\Program Files\Intel\Intel(R) Management Engine Components\IPT;C:\Program Files\Intel\WiFi\bin\;C:\Program Files\Common Files\Intel\WirelessCommon\;C:\Users\Tomislav\AppData\Roaming\nvm;C:\Program Files\nodejs;%JAVA_HOME%\bin;C:\Aplikacije\Android\sdk\platform-tools;C:\Aplikacije\npm;C:\Aplikacije\nodejs;C:\Users\Tomislav\AppData\Local\atom\bin;C:\Aplikacije\Git\bin;C:\Aplikacije\php7;C:\Aplikacije\ruby-2.3.3-i386-mingw32\bin;C:\Aplikacije\Python38;C:\Aplikacije\Python38\Scripts;C:\Program Files (x86)\Google\Chrome\Application;C:\Aplikacije\Cloud SDK\google-cloud-sdk\bin;C:\Users\Tomislav\AppData\Roaming\nvm;C:\Program Files\nodejs;C:\Aplikacije\Go\64\bin;C:\Aplikacije\mingw\64\bin;C:\Aplikacije\OpenSSL\bin;C:\Users\Tomislav\.cargo\bin;C:\Users\Tomislav\AppData\Local\nvs\;C:\Users\Tomislav\AppData\Local\Microsoft\WindowsApps;;."/>
    <property name="maven.conf" value="C:\Aplikacije\Java\apache-maven-3.6.3\bin\../conf"/>
    <property name="jdk.debug" value="release"/>
    <property name="java.class.version" value="58.0"/>
    <property name="java.specification.name" value="Java Platform API Specification"/>
    <property name="sun.management.compiler" value="HotSpot 64-Bit Tiered Compilers"/>
    <property name="os.version" value="10.0"/>
    <property name="library.jansi.path" value="C:\Aplikacije\Java\apache-maven-3.6.3\bin\..\lib\jansi-native"/>
    <property name="user.home" value="C:\Users\Tomislav"/>
    <property name="user.timezone" value="Europe/Zagreb"/>
    <property name="file.encoding" value="Cp1250"/>
    <property name="java.specification.version" value="14"/>
    <property name="user.name" value="Tomislav"/>
    <property name="java.class.path" value="C:\Aplikacije\Java\apache-maven-3.6.3\bin\..\boot\plexus-classworlds-2.6.0.jar"/>
    <property name="java.vm.specification.version" value="14"/>
    <property name="sun.arch.data.model" value="64"/>
    <property name="sun.java.command" value="org.codehaus.plexus.classworlds.launcher.Launcher deploy -Dregistry=https://maven.pkg.github.com/greenscreens-io -Dtoken=GH_TOKEN"/>
    <property name="java.home" value="C:\Aplikacije\Java\jdk14"/>
    <property name="user.language" value="en"/>
    <property name="java.specification.vendor" value="Oracle Corporation"/>
    <property name="user.language.format" value="hr"/>
    <property name="java.vm.info" value="mixed mode, sharing"/>
    <property name="java.version" value="14.0.1"/>
    <property name="java.vendor" value="AdoptOpenJDK"/>
    <property name="sun.stderr.encoding" value="cp852"/>
    <property name="maven.home" value="C:\Aplikacije\Java\apache-maven-3.6.3\bin\.."/>
    <property name="file.separator" value="\"/>
    <property name="java.version.date" value="2020-04-14"/>
    <property name="java.vendor.url.bug" value="https://github.com/AdoptOpenJDK/openjdk-support/issues"/>
    <property name="registry" value="https://maven.pkg.github.com/greenscreens-io"/>
    <property name="sun.io.unicode.encoding" value="UnicodeLittle"/>
    <property name="sun.cpu.endian" value="little"/>
    <property name="java.vendor.version" value="AdoptOpenJDK"/>
    <property name="sun.stdout.encoding" value="cp852"/>
    <property name="sun.cpu.isalist" value="amd64"/>
  </properties>
</testsuite>